B:\DEVELOPMENT SOFTWARE\GAMEALPHASUCKS\GAMEALPHA\PROJ.WIN32\DEBUG.WIN32\LIBCOCOS2D.LIB
B:\Development Software\GameAlphaSucks\GameAlpha\cocos2d\cocos\2d\Debug.win32\atitc.obj
B:\Development Software\GameAlphaSucks\GameAlpha\cocos2d\cocos\2d\Debug.win32\base64.obj
B:\Development Software\GameAlphaSucks\GameAlpha\cocos2d\cocos\2d\Debug.win32\CCAction.obj
B:\Development Software\GameAlphaSucks\GameAlpha\cocos2d\cocos\2d\Debug.win32\CCActionCamera.obj
B:\Development Software\GameAlphaSucks\GameAlpha\cocos2d\cocos\2d\Debug.win32\CCActionCatmullRom.obj
B:\Development Software\GameAlphaSucks\GameAlpha\cocos2d\cocos\2d\Debug.win32\CCActionEase.obj
B:\Development Software\GameAlphaSucks\GameAlpha\cocos2d\cocos\2d\Debug.win32\CCActionGrid.obj
B:\Development Software\GameAlphaSucks\GameAlpha\cocos2d\cocos\2d\Debug.win32\CCActionGrid3D.obj
B:\Development Software\GameAlphaSucks\GameAlpha\cocos2d\cocos\2d\Debug.win32\CCActionInstant.obj
B:\Development Software\GameAlphaSucks\GameAlpha\cocos2d\cocos\2d\Debug.win32\CCActionInterval.obj
B:\Development Software\GameAlphaSucks\GameAlpha\cocos2d\cocos\2d\Debug.win32\CCActionManager.obj
B:\Development Software\GameAlphaSucks\GameAlpha\cocos2d\cocos\2d\Debug.win32\CCActionPageTurn3D.obj
B:\Development Software\GameAlphaSucks\GameAlpha\cocos2d\cocos\2d\Debug.win32\CCActionProgressTimer.obj
B:\Development Software\GameAlphaSucks\GameAlpha\cocos2d\cocos\2d\Debug.win32\CCActionTiledGrid.obj
B:\Development Software\GameAlphaSucks\GameAlpha\cocos2d\cocos\2d\Debug.win32\CCActionTween.obj
B:\Development Software\GameAlphaSucks\GameAlpha\cocos2d\cocos\2d\Debug.win32\CCAffineTransform.obj
B:\Development Software\GameAlphaSucks\GameAlpha\cocos2d\cocos\2d\Debug.win32\CCAnimation.obj
B:\Development Software\GameAlphaSucks\GameAlpha\cocos2d\cocos\2d\Debug.win32\CCAnimationCache.obj
B:\Development Software\GameAlphaSucks\GameAlpha\cocos2d\cocos\2d\Debug.win32\CCApplication.obj
B:\Development Software\GameAlphaSucks\GameAlpha\cocos2d\cocos\2d\Debug.win32\CCArray.obj
B:\Development Software\GameAlphaSucks\GameAlpha\cocos2d\cocos\2d\Debug.win32\CCAtlasNode.obj
B:\Development Software\GameAlphaSucks\GameAlpha\cocos2d\cocos\2d\Debug.win32\CCAutoreleasePool.obj
B:\Development Software\GameAlphaSucks\GameAlpha\cocos2d\cocos\2d\Debug.win32\CCBatchCommand.obj
B:\Development Software\GameAlphaSucks\GameAlpha\cocos2d\cocos\2d\Debug.win32\ccCArray.obj
B:\Development Software\GameAlphaSucks\GameAlpha\cocos2d\cocos\2d\Debug.win32\CCClippingNode.obj
B:\Development Software\GameAlphaSucks\GameAlpha\cocos2d\cocos\2d\Debug.win32\CCCommon.obj
B:\Development Software\GameAlphaSucks\GameAlpha\cocos2d\cocos\2d\Debug.win32\CCComponent.obj
B:\Development Software\GameAlphaSucks\GameAlpha\cocos2d\cocos\2d\Debug.win32\CCComponentContainer.obj
B:\Development Software\GameAlphaSucks\GameAlpha\cocos2d\cocos\2d\Debug.win32\CCConfiguration.obj
B:\Development Software\GameAlphaSucks\GameAlpha\cocos2d\cocos\2d\Debug.win32\CCConsole.obj
B:\Development Software\GameAlphaSucks\GameAlpha\cocos2d\cocos\2d\Debug.win32\CCCustomCommand.obj
B:\Development Software\GameAlphaSucks\GameAlpha\cocos2d\cocos\2d\Debug.win32\CCData.obj
B:\Development Software\GameAlphaSucks\GameAlpha\cocos2d\cocos\2d\Debug.win32\CCDataVisitor.obj
B:\Development Software\GameAlphaSucks\GameAlpha\cocos2d\cocos\2d\Debug.win32\CCDeprecated.obj
B:\Development Software\GameAlphaSucks\GameAlpha\cocos2d\cocos\2d\Debug.win32\CCDevice.obj
B:\Development Software\GameAlphaSucks\GameAlpha\cocos2d\cocos\2d\Debug.win32\CCDictionary.obj
B:\Development Software\GameAlphaSucks\GameAlpha\cocos2d\cocos\2d\Debug.win32\CCDirector.obj
B:\Development Software\GameAlphaSucks\GameAlpha\cocos2d\cocos\2d\Debug.win32\CCDrawingPrimitives.obj
B:\Development Software\GameAlphaSucks\GameAlpha\cocos2d\cocos\2d\Debug.win32\CCDrawNode.obj
B:\Development Software\GameAlphaSucks\GameAlpha\cocos2d\cocos\2d\Debug.win32\CCEvent.obj
B:\Development Software\GameAlphaSucks\GameAlpha\cocos2d\cocos\2d\Debug.win32\CCEventAcceleration.obj
B:\Development Software\GameAlphaSucks\GameAlpha\cocos2d\cocos\2d\Debug.win32\CCEventCustom.obj
B:\Development Software\GameAlphaSucks\GameAlpha\cocos2d\cocos\2d\Debug.win32\CCEventDispatcher.obj
B:\Development Software\GameAlphaSucks\GameAlpha\cocos2d\cocos\2d\Debug.win32\CCEventFocus.obj
B:\Development Software\GameAlphaSucks\GameAlpha\cocos2d\cocos\2d\Debug.win32\CCEventKeyboard.obj
B:\Development Software\GameAlphaSucks\GameAlpha\cocos2d\cocos\2d\Debug.win32\CCEventListener.obj
B:\Development Software\GameAlphaSucks\GameAlpha\cocos2d\cocos\2d\Debug.win32\CCEventListenerAcceleration.obj
B:\Development Software\GameAlphaSucks\GameAlpha\cocos2d\cocos\2d\Debug.win32\CCEventListenerCustom.obj
B:\Development Software\GameAlphaSucks\GameAlpha\cocos2d\cocos\2d\Debug.win32\CCEventListenerFocus.obj
B:\Development Software\GameAlphaSucks\GameAlpha\cocos2d\cocos\2d\Debug.win32\CCEventListenerKeyboard.obj
B:\Development Software\GameAlphaSucks\GameAlpha\cocos2d\cocos\2d\Debug.win32\CCEventListenerMouse.obj
B:\Development Software\GameAlphaSucks\GameAlpha\cocos2d\cocos\2d\Debug.win32\CCEventListenerTouch.obj
B:\Development Software\GameAlphaSucks\GameAlpha\cocos2d\cocos\2d\Debug.win32\CCEventMouse.obj
B:\Development Software\GameAlphaSucks\GameAlpha\cocos2d\cocos\2d\Debug.win32\CCEventTouch.obj
B:\Development Software\GameAlphaSucks\GameAlpha\cocos2d\cocos\2d\Debug.win32\CCFileUtils.obj
B:\Development Software\GameAlphaSucks\GameAlpha\cocos2d\cocos\2d\Debug.win32\CCFileUtilsWin32.obj
B:\Development Software\GameAlphaSucks\GameAlpha\cocos2d\cocos\2d\Debug.win32\CCFont.obj
B:\Development Software\GameAlphaSucks\GameAlpha\cocos2d\cocos\2d\Debug.win32\CCFontAtlas.obj
B:\Development Software\GameAlphaSucks\GameAlpha\cocos2d\cocos\2d\Debug.win32\CCFontAtlasCache.obj
B:\Development Software\GameAlphaSucks\GameAlpha\cocos2d\cocos\2d\Debug.win32\CCFontCharMap.obj
B:\Development Software\GameAlphaSucks\GameAlpha\cocos2d\cocos\2d\Debug.win32\CCFontFNT.obj
B:\Development Software\GameAlphaSucks\GameAlpha\cocos2d\cocos\2d\Debug.win32\CCFontFreeType.obj
B:\Development Software\GameAlphaSucks\GameAlpha\cocos2d\cocos\2d\Debug.win32\ccFPSImages.obj
B:\Development Software\GameAlphaSucks\GameAlpha\cocos2d\cocos\2d\Debug.win32\CCGeometry.obj
B:\Development Software\GameAlphaSucks\GameAlpha\cocos2d\cocos\2d\Debug.win32\CCGLBufferedNode.obj
B:\Development Software\GameAlphaSucks\GameAlpha\cocos2d\cocos\2d\Debug.win32\CCGLProgram.obj
B:\Development Software\GameAlphaSucks\GameAlpha\cocos2d\cocos\2d\Debug.win32\CCGLProgramCache.obj
B:\Development Software\GameAlphaSucks\GameAlpha\cocos2d\cocos\2d\Debug.win32\CCGLProgramState.obj
B:\Development Software\GameAlphaSucks\GameAlpha\cocos2d\cocos\2d\Debug.win32\CCGLProgramStateCache.obj
B:\Development Software\GameAlphaSucks\GameAlpha\cocos2d\cocos\2d\Debug.win32\ccGLStateCache.obj
B:\Development Software\GameAlphaSucks\GameAlpha\cocos2d\cocos\2d\Debug.win32\CCGLView.obj
B:\Development Software\GameAlphaSucks\GameAlpha\cocos2d\cocos\2d\Debug.win32\CCGLViewProtocol.obj
B:\Development Software\GameAlphaSucks\GameAlpha\cocos2d\cocos\2d\Debug.win32\CCGrabber.obj
B:\Development Software\GameAlphaSucks\GameAlpha\cocos2d\cocos\2d\Debug.win32\CCGrid.obj
B:\Development Software\GameAlphaSucks\GameAlpha\cocos2d\cocos\2d\Debug.win32\CCGroupCommand.obj
B:\Development Software\GameAlphaSucks\GameAlpha\cocos2d\cocos\2d\Debug.win32\CCImage.obj
B:\Development Software\GameAlphaSucks\GameAlpha\cocos2d\cocos\2d\Debug.win32\CCIMEDispatcher.obj
B:\Development Software\GameAlphaSucks\GameAlpha\cocos2d\cocos\2d\Debug.win32\CCLabel.obj
B:\Development Software\GameAlphaSucks\GameAlpha\cocos2d\cocos\2d\Debug.win32\CCLabelAtlas.obj
B:\Development Software\GameAlphaSucks\GameAlpha\cocos2d\cocos\2d\Debug.win32\CCLabelBMFont.obj
B:\Development Software\GameAlphaSucks\GameAlpha\cocos2d\cocos\2d\Debug.win32\CCLabelTextFormatter.obj
B:\Development Software\GameAlphaSucks\GameAlpha\cocos2d\cocos\2d\Debug.win32\CCLabelTTF.obj
B:\Development Software\GameAlphaSucks\GameAlpha\cocos2d\cocos\2d\Debug.win32\CCLayer.obj
B:\Development Software\GameAlphaSucks\GameAlpha\cocos2d\cocos\2d\Debug.win32\CCMenu.obj
B:\Development Software\GameAlphaSucks\GameAlpha\cocos2d\cocos\2d\Debug.win32\CCMenuItem.obj
B:\Development Software\GameAlphaSucks\GameAlpha\cocos2d\cocos\2d\Debug.win32\CCMesh.obj
B:\Development Software\GameAlphaSucks\GameAlpha\cocos2d\cocos\2d\Debug.win32\CCMeshCommand.obj
B:\Development Software\GameAlphaSucks\GameAlpha\cocos2d\cocos\2d\Debug.win32\CCMotionStreak.obj
B:\Development Software\GameAlphaSucks\GameAlpha\cocos2d\cocos\2d\Debug.win32\CCNode.obj
B:\Development Software\GameAlphaSucks\GameAlpha\cocos2d\cocos\2d\Debug.win32\CCNodeGrid.obj
B:\Development Software\GameAlphaSucks\GameAlpha\cocos2d\cocos\2d\Debug.win32\CCNotificationCenter.obj
B:\Development Software\GameAlphaSucks\GameAlpha\cocos2d\cocos\2d\Debug.win32\CCNS.obj
B:\Development Software\GameAlphaSucks\GameAlpha\cocos2d\cocos\2d\Debug.win32\CCObjLoader.obj
B:\Development Software\GameAlphaSucks\GameAlpha\cocos2d\cocos\2d\Debug.win32\CCParallaxNode.obj
B:\Development Software\GameAlphaSucks\GameAlpha\cocos2d\cocos\2d\Debug.win32\CCParticleBatchNode.obj
B:\Development Software\GameAlphaSucks\GameAlpha\cocos2d\cocos\2d\Debug.win32\CCParticleExamples.obj
B:\Development Software\GameAlphaSucks\GameAlpha\cocos2d\cocos\2d\Debug.win32\CCParticleSystem.obj
B:\Development Software\GameAlphaSucks\GameAlpha\cocos2d\cocos\2d\Debug.win32\CCParticleSystemQuad.obj
B:\Development Software\GameAlphaSucks\GameAlpha\cocos2d\cocos\2d\Debug.win32\CCPhysicsBody.obj
B:\Development Software\GameAlphaSucks\GameAlpha\cocos2d\cocos\2d\Debug.win32\CCPhysicsBodyInfo_chipmunk.obj
B:\Development Software\GameAlphaSucks\GameAlpha\cocos2d\cocos\2d\Debug.win32\CCPhysicsContact.obj
B:\Development Software\GameAlphaSucks\GameAlpha\cocos2d\cocos\2d\Debug.win32\CCPhysicsContactInfo_chipmunk.obj
B:\Development Software\GameAlphaSucks\GameAlpha\cocos2d\cocos\2d\Debug.win32\CCPhysicsJoint.obj
B:\Development Software\GameAlphaSucks\GameAlpha\cocos2d\cocos\2d\Debug.win32\CCPhysicsJointInfo_chipmunk.obj
B:\Development Software\GameAlphaSucks\GameAlpha\cocos2d\cocos\2d\Debug.win32\CCPhysicsShape.obj
B:\Development Software\GameAlphaSucks\GameAlpha\cocos2d\cocos\2d\Debug.win32\CCPhysicsShapeInfo_chipmunk.obj
B:\Development Software\GameAlphaSucks\GameAlpha\cocos2d\cocos\2d\Debug.win32\CCPhysicsWorld.obj
B:\Development Software\GameAlphaSucks\GameAlpha\cocos2d\cocos\2d\Debug.win32\CCPhysicsWorldInfo_chipmunk.obj
B:\Development Software\GameAlphaSucks\GameAlpha\cocos2d\cocos\2d\Debug.win32\CCProfiling.obj
B:\Development Software\GameAlphaSucks\GameAlpha\cocos2d\cocos\2d\Debug.win32\CCProgressTimer.obj
B:\Development Software\GameAlphaSucks\GameAlpha\cocos2d\cocos\2d\Debug.win32\CCQuadCommand.obj
B:\Development Software\GameAlphaSucks\GameAlpha\cocos2d\cocos\2d\Debug.win32\CCRef.obj
B:\Development Software\GameAlphaSucks\GameAlpha\cocos2d\cocos\2d\Debug.win32\CCRenderCommand.obj
B:\Development Software\GameAlphaSucks\GameAlpha\cocos2d\cocos\2d\Debug.win32\CCRenderer.obj
B:\Development Software\GameAlphaSucks\GameAlpha\cocos2d\cocos\2d\Debug.win32\CCRenderTexture.obj
B:\Development Software\GameAlphaSucks\GameAlpha\cocos2d\cocos\2d\Debug.win32\CCSAXParser.obj
B:\Development Software\GameAlphaSucks\GameAlpha\cocos2d\cocos\2d\Debug.win32\CCScene.obj
B:\Development Software\GameAlphaSucks\GameAlpha\cocos2d\cocos\2d\Debug.win32\CCScheduler.obj
B:\Development Software\GameAlphaSucks\GameAlpha\cocos2d\cocos\2d\Debug.win32\CCScriptSupport.obj
B:\Development Software\GameAlphaSucks\GameAlpha\cocos2d\cocos\2d\Debug.win32\CCSet.obj
B:\Development Software\GameAlphaSucks\GameAlpha\cocos2d\cocos\2d\Debug.win32\ccShaders.obj
B:\Development Software\GameAlphaSucks\GameAlpha\cocos2d\cocos\2d\Debug.win32\CCSprite.obj
B:\Development Software\GameAlphaSucks\GameAlpha\cocos2d\cocos\2d\Debug.win32\CCSprite3D.obj
B:\Development Software\GameAlphaSucks\GameAlpha\cocos2d\cocos\2d\Debug.win32\CCSprite3DDataCache.obj
B:\Development Software\GameAlphaSucks\GameAlpha\cocos2d\cocos\2d\Debug.win32\CCSpriteBatchNode.obj
B:\Development Software\GameAlphaSucks\GameAlpha\cocos2d\cocos\2d\Debug.win32\CCSpriteFrame.obj
B:\Development Software\GameAlphaSucks\GameAlpha\cocos2d\cocos\2d\Debug.win32\CCSpriteFrameCache.obj
B:\Development Software\GameAlphaSucks\GameAlpha\cocos2d\cocos\2d\Debug.win32\CCStdC.obj
B:\Development Software\GameAlphaSucks\GameAlpha\cocos2d\cocos\2d\Debug.win32\CCString.obj
B:\Development Software\GameAlphaSucks\GameAlpha\cocos2d\cocos\2d\Debug.win32\CCTextFieldTTF.obj
B:\Development Software\GameAlphaSucks\GameAlpha\cocos2d\cocos\2d\Debug.win32\CCTexture2D.obj
B:\Development Software\GameAlphaSucks\GameAlpha\cocos2d\cocos\2d\Debug.win32\CCTextureAtlas.obj
B:\Development Software\GameAlphaSucks\GameAlpha\cocos2d\cocos\2d\Debug.win32\CCTextureCache.obj
B:\Development Software\GameAlphaSucks\GameAlpha\cocos2d\cocos\2d\Debug.win32\CCThread.obj
B:\Development Software\GameAlphaSucks\GameAlpha\cocos2d\cocos\2d\Debug.win32\CCTileMapAtlas.obj
B:\Development Software\GameAlphaSucks\GameAlpha\cocos2d\cocos\2d\Debug.win32\CCTMXLayer.obj
B:\Development Software\GameAlphaSucks\GameAlpha\cocos2d\cocos\2d\Debug.win32\CCTMXObjectGroup.obj
B:\Development Software\GameAlphaSucks\GameAlpha\cocos2d\cocos\2d\Debug.win32\CCTMXTiledMap.obj
B:\Development Software\GameAlphaSucks\GameAlpha\cocos2d\cocos\2d\Debug.win32\CCTMXXMLParser.obj
B:\Development Software\GameAlphaSucks\GameAlpha\cocos2d\cocos\2d\Debug.win32\CCTouch.obj
B:\Development Software\GameAlphaSucks\GameAlpha\cocos2d\cocos\2d\Debug.win32\CCTransition.obj
B:\Development Software\GameAlphaSucks\GameAlpha\cocos2d\cocos\2d\Debug.win32\CCTransitionPageTurn.obj
B:\Development Software\GameAlphaSucks\GameAlpha\cocos2d\cocos\2d\Debug.win32\CCTransitionProgress.obj
B:\Development Software\GameAlphaSucks\GameAlpha\cocos2d\cocos\2d\Debug.win32\CCTweenFunction.obj
B:\Development Software\GameAlphaSucks\GameAlpha\cocos2d\cocos\2d\Debug.win32\ccTypes.obj
B:\Development Software\GameAlphaSucks\GameAlpha\cocos2d\cocos\2d\Debug.win32\CCUserDefault.obj
B:\Development Software\GameAlphaSucks\GameAlpha\cocos2d\cocos\2d\Debug.win32\CCUserDefaultAndroid.obj
B:\Development Software\GameAlphaSucks\GameAlpha\cocos2d\cocos\2d\Debug.win32\ccUTF8.obj
B:\Development Software\GameAlphaSucks\GameAlpha\cocos2d\cocos\2d\Debug.win32\ccUtils.obj
B:\Development Software\GameAlphaSucks\GameAlpha\cocos2d\cocos\2d\Debug.win32\CCValue.obj
B:\Development Software\GameAlphaSucks\GameAlpha\cocos2d\cocos\2d\Debug.win32\CCVertex.obj
B:\Development Software\GameAlphaSucks\GameAlpha\cocos2d\cocos\2d\Debug.win32\cocos2d.obj
B:\Development Software\GameAlphaSucks\GameAlpha\cocos2d\cocos\2d\Debug.win32\ConvertUTF.obj
B:\Development Software\GameAlphaSucks\GameAlpha\cocos2d\cocos\2d\Debug.win32\ConvertUTFWrapper.obj
B:\Development Software\GameAlphaSucks\GameAlpha\cocos2d\cocos\2d\Debug.win32\edtaa3func.obj
B:\Development Software\GameAlphaSucks\GameAlpha\cocos2d\cocos\2d\Debug.win32\etc1.obj
B:\Development Software\GameAlphaSucks\GameAlpha\cocos2d\cocos\2d\Debug.win32\ioapi.obj
B:\Development Software\GameAlphaSucks\GameAlpha\cocos2d\cocos\2d\Debug.win32\Mat4.obj
B:\Development Software\GameAlphaSucks\GameAlpha\cocos2d\cocos\2d\Debug.win32\MathUtil.obj
B:\Development Software\GameAlphaSucks\GameAlpha\cocos2d\cocos\2d\Debug.win32\Quaternion.obj
B:\Development Software\GameAlphaSucks\GameAlpha\cocos2d\cocos\2d\Debug.win32\s3tc.obj
B:\Development Software\GameAlphaSucks\GameAlpha\cocos2d\cocos\2d\Debug.win32\TGAlib.obj
B:\Development Software\GameAlphaSucks\GameAlpha\cocos2d\cocos\2d\Debug.win32\tinyxml2.obj
B:\Development Software\GameAlphaSucks\GameAlpha\cocos2d\cocos\2d\Debug.win32\TransformUtils.obj
B:\Development Software\GameAlphaSucks\GameAlpha\cocos2d\cocos\2d\Debug.win32\unzip.obj
B:\Development Software\GameAlphaSucks\GameAlpha\cocos2d\cocos\2d\Debug.win32\Vec2.obj
B:\Development Software\GameAlphaSucks\GameAlpha\cocos2d\cocos\2d\Debug.win32\Vec3.obj
B:\Development Software\GameAlphaSucks\GameAlpha\cocos2d\cocos\2d\Debug.win32\Vec4.obj
B:\Development Software\GameAlphaSucks\GameAlpha\cocos2d\cocos\2d\Debug.win32\xxhash.obj
B:\Development Software\GameAlphaSucks\GameAlpha\cocos2d\cocos\2d\Debug.win32\ZipUtils.obj
B:\Development Software\GameAlphaSucks\GameAlpha\cocos2d\cocos\2d\Debug.win32\CL.8340.read.1.tlog
B:\Development Software\GameAlphaSucks\GameAlpha\cocos2d\cocos\2d\Debug.win32\CL.8340.write.1.tlog
B:\Development Software\GameAlphaSucks\GameAlpha\cocos2d\cocos\2d\Debug.win32\CL.8408.read.1.tlog
B:\Development Software\GameAlphaSucks\GameAlpha\cocos2d\cocos\2d\Debug.win32\CL.8408.write.1.tlog
B:\Development Software\GameAlphaSucks\GameAlpha\cocos2d\cocos\2d\Debug.win32\CL.9428.read.1.tlog
B:\Development Software\GameAlphaSucks\GameAlpha\cocos2d\cocos\2d\Debug.win32\CL.9428.write.1.tlog
B:\Development Software\GameAlphaSucks\GameAlpha\cocos2d\cocos\2d\Debug.win32\CL.9860.read.1.tlog
B:\Development Software\GameAlphaSucks\GameAlpha\cocos2d\cocos\2d\Debug.win32\CL.9860.write.1.tlog
B:\Development Software\GameAlphaSucks\GameAlpha\cocos2d\cocos\2d\Debug.win32\cl.command.1.tlog
B:\Development Software\GameAlphaSucks\GameAlpha\cocos2d\cocos\2d\Debug.win32\CL.read.1.tlog
B:\Development Software\GameAlphaSucks\GameAlpha\cocos2d\cocos\2d\Debug.win32\cl.write.1.tlog
B:\Development Software\GameAlphaSucks\GameAlpha\cocos2d\cocos\2d\Debug.win32\Lib-link.read.1.tlog
B:\Development Software\GameAlphaSucks\GameAlpha\cocos2d\cocos\2d\Debug.win32\Lib-link.write.1.tlog
B:\Development Software\GameAlphaSucks\GameAlpha\cocos2d\cocos\2d\Debug.win32\lib.command.1.tlog
B:\Development Software\GameAlphaSucks\GameAlpha\proj.win32\Debug.win32\libcocos2d.lib
